<?xml version="1.0" encoding="UTF-8"?>
<!-- Generated by org.testng.reporters.JUnitReportReporter -->
<testsuite hostname="G720LTRV" failures="0" tests="1" name="com.automation.tests.LoginTest" time="11.903" errors="0" timestamp="2024-08-04T19:10:51 IST" skipped="0">
  <testcase classname="com.automation.tests.LoginTest" name="verifyUserIsAbleToLoginWithValidCredentials" time="11.903"/>
</testsuite> <!-- com.automation.tests.LoginTest -->
